{"C:\\Users\\deryck\\Desktop\\epicodus\\coin-counter\\src\\main.js": {"path":"C:\\Users\\deryck\\Desktop\\epicodus\\coin-counter\\src\\main.js","statementMap":{"0":{"start":{"line":5,"column":17},"end":{"line":5,"column":19}},"1":{"start":{"line":6,"column":2},"end":{"line":6,"column":22}},"2":{"start":{"line":7,"column":2},"end":{"line":29,"column":3}},"3":{"start":{"line":9,"column":4},"end":{"line":9,"column":46}},"4":{"start":{"line":11,"column":7},"end":{"line":29,"column":3}},"5":{"start":{"line":13,"column":4},"end":{"line":13,"column":46}},"6":{"start":{"line":15,"column":7},"end":{"line":29,"column":3}},"7":{"start":{"line":17,"column":4},"end":{"line":17,"column":46}},"8":{"start":{"line":19,"column":7},"end":{"line":29,"column":3}},"9":{"start":{"line":21,"column":4},"end":{"line":21,"column":46}},"10":{"start":{"line":24,"column":4},"end":{"line":24,"column":18}},"11":{"start":{"line":25,"column":4},"end":{"line":25,"column":18}},"12":{"start":{"line":26,"column":4},"end":{"line":26,"column":18}},"13":{"start":{"line":27,"column":4},"end":{"line":27,"column":18}},"14":{"start":{"line":28,"column":4},"end":{"line":28,"column":18}},"15":{"start":{"line":33,"column":2},"end":{"line":40,"column":3}},"16":{"start":{"line":35,"column":4},"end":{"line":35,"column":13}},"17":{"start":{"line":39,"column":4},"end":{"line":39,"column":38}},"18":{"start":{"line":44,"column":2},"end":{"line":48,"column":3}},"19":{"start":{"line":45,"column":4},"end":{"line":45,"column":13}},"20":{"start":{"line":47,"column":4},"end":{"line":47,"column":35}},"21":{"start":{"line":52,"column":2},"end":{"line":56,"column":3}},"22":{"start":{"line":53,"column":4},"end":{"line":53,"column":13}},"23":{"start":{"line":55,"column":4},"end":{"line":55,"column":37}}},"fnMap":{"0":{"name":"coinCounter","decl":{"start":{"line":1,"column":16},"end":{"line":1,"column":27}},"loc":{"start":{"line":1,"column":35},"end":{"line":30,"column":1}},"line":1},"1":{"name":"quarters","decl":{"start":{"line":32,"column":16},"end":{"line":32,"column":24}},"loc":{"start":{"line":32,"column":32},"end":{"line":41,"column":1}},"line":32},"2":{"name":"dimes","decl":{"start":{"line":43,"column":16},"end":{"line":43,"column":21}},"loc":{"start":{"line":43,"column":29},"end":{"line":49,"column":1}},"line":43},"3":{"name":"pennies","decl":{"start":{"line":51,"column":16},"end":{"line":51,"column":23}},"loc":{"start":{"line":51,"column":31},"end":{"line":57,"column":1}},"line":51}},"branchMap":{"0":{"loc":{"start":{"line":7,"column":2},"end":{"line":29,"column":3}},"type":"if","locations":[{"start":{"line":7,"column":2},"end":{"line":29,"column":3}},{"start":{"line":7,"column":2},"end":{"line":29,"column":3}}],"line":7},"1":{"loc":{"start":{"line":11,"column":7},"end":{"line":29,"column":3}},"type":"if","locations":[{"start":{"line":11,"column":7},"end":{"line":29,"column":3}},{"start":{"line":11,"column":7},"end":{"line":29,"column":3}}],"line":11},"2":{"loc":{"start":{"line":11,"column":10},"end":{"line":11,"column":39}},"type":"binary-expr","locations":[{"start":{"line":11,"column":10},"end":{"line":11,"column":23}},{"start":{"line":11,"column":27},"end":{"line":11,"column":39}}],"line":11},"3":{"loc":{"start":{"line":15,"column":7},"end":{"line":29,"column":3}},"type":"if","locations":[{"start":{"line":15,"column":7},"end":{"line":29,"column":3}},{"start":{"line":15,"column":7},"end":{"line":29,"column":3}}],"line":15},"4":{"loc":{"start":{"line":15,"column":10},"end":{"line":15,"column":39}},"type":"binary-expr","locations":[{"start":{"line":15,"column":10},"end":{"line":15,"column":23}},{"start":{"line":15,"column":27},"end":{"line":15,"column":39}}],"line":15},"5":{"loc":{"start":{"line":19,"column":7},"end":{"line":29,"column":3}},"type":"if","locations":[{"start":{"line":19,"column":7},"end":{"line":29,"column":3}},{"start":{"line":19,"column":7},"end":{"line":29,"column":3}}],"line":19},"6":{"loc":{"start":{"line":19,"column":10},"end":{"line":19,"column":39}},"type":"binary-expr","locations":[{"start":{"line":19,"column":10},"end":{"line":19,"column":23}},{"start":{"line":19,"column":27},"end":{"line":19,"column":39}}],"line":19},"7":{"loc":{"start":{"line":33,"column":2},"end":{"line":40,"column":3}},"type":"if","locations":[{"start":{"line":33,"column":2},"end":{"line":40,"column":3}},{"start":{"line":33,"column":2},"end":{"line":40,"column":3}}],"line":33},"8":{"loc":{"start":{"line":44,"column":2},"end":{"line":48,"column":3}},"type":"if","locations":[{"start":{"line":44,"column":2},"end":{"line":48,"column":3}},{"start":{"line":44,"column":2},"end":{"line":48,"column":3}}],"line":44},"9":{"loc":{"start":{"line":52,"column":2},"end":{"line":56,"column":3}},"type":"if","locations":[{"start":{"line":52,"column":2},"end":{"line":56,"column":3}},{"start":{"line":52,"column":2},"end":{"line":56,"column":3}}],"line":52}},"s":{"0":10,"1":10,"2":10,"3":7,"4":3,"5":0,"6":3,"7":0,"8":3,"9":2,"10":1,"11":1,"12":1,"13":1,"14":1,"15":8,"16":1,"17":7,"18":3,"19":1,"20":2,"21":4,"22":1,"23":3},"f":{"0":10,"1":8,"2":3,"3":4},"b":{"0":[7,3],"1":[0,3],"2":[3,0],"3":[0,3],"4":[3,0],"5":[2,1],"6":[3,2],"7":[1,7],"8":[1,2],"9":[1,3]},"_coverageSchema":"43e27e138ebf9cfc5966b082cf9a028302ed4184","hash":"7966661daa2acec03095ee5699db61073d3d6564"}
}
