TN:
SF:C:\Users\deryck\Desktop\epicodus\coin-counter\src\main.js
FN:1,coinCounter
FN:32,quarters
FN:43,dimes
FN:51,pennies
FNF:4
FNH:4
FNDA:10,coinCounter
FNDA:8,quarters
FNDA:3,dimes
FNDA:4,pennies
DA:5,10
DA:6,10
DA:7,10
DA:9,7
DA:11,3
DA:13,0
DA:15,3
DA:17,0
DA:19,3
DA:21,2
DA:24,1
DA:25,1
DA:26,1
DA:27,1
DA:28,1
DA:33,8
DA:35,1
DA:39,7
DA:44,3
DA:45,1
DA:47,2
DA:52,4
DA:53,1
DA:55,3
LF:24
LH:22
BRDA:7,0,0,7
BRDA:7,0,1,3
BRDA:11,1,0,0
BRDA:11,1,1,3
BRDA:11,2,0,3
BRDA:11,2,1,0
BRDA:15,3,0,0
BRDA:15,3,1,3
BRDA:15,4,0,3
BRDA:15,4,1,0
BRDA:19,5,0,2
BRDA:19,5,1,1
BRDA:19,6,0,3
BRDA:19,6,1,2
BRDA:33,7,0,1
BRDA:33,7,1,7
BRDA:44,8,0,1
BRDA:44,8,1,2
BRDA:52,9,0,1
BRDA:52,9,1,3
BRF:20
BRH:16
end_of_record
